/Users/yukiohnuki/.rbenv/versions/2.2.1/bin/ruby -r ./siteconf20160602-3527-ixx8x1.rb extconf.rb
checking for BIO_read() in -lcrypto... yes
checking for SSL_CTX_new() in -lssl... yes
creating Makefile

make "DESTDIR=" clean

make "DESTDIR="
compiling http11_parser.c
compiling io_buffer.c
io_buffer.c:119:10: warning: passing 'uint8_t *' (aka 'unsigned char *') to parameter of type 'const char *' converts between pointers to integer types with different sign [-Wpointer-sign]
  return rb_str_new(b->top, b->cur - b->top);
         ^~~~~~~~~~~~~~~~~~~~~~~~~~~~~~~~~~~
/Users/yukiohnuki/.rbenv/versions/2.2.1/include/ruby-2.2.0/ruby/intern.h:796:20: note: expanded from macro 'rb_str_new'
        rb_str_new_static((str), (len)) : \
                          ^~~~~
/Users/yukiohnuki/.rbenv/versions/2.2.1/include/ruby-2.2.0/ruby/intern.h:727:37: note: passing argument to parameter here
VALUE rb_str_new_static(const char *, long);
                                    ^
io_buffer.c:119:10: warning: passing 'uint8_t *' (aka 'unsigned char *') to parameter of type 'const char *' converts between pointers to integer types with different sign [-Wpointer-sign]
  return rb_str_new(b->top, b->cur - b->top);
         ^~~~~~~~~~~~~~~~~~~~~~~~~~~~~~~~~~~
/Users/yukiohnuki/.rbenv/versions/2.2.1/include/ruby-2.2.0/ruby/intern.h:797:13: note: expanded from macro 'rb_str_new'
        rb_str_new((str), (len));         \
                   ^~~~~
/Users/yukiohnuki/.rbenv/versions/2.2.1/include/ruby-2.2.0/ruby/intern.h:706:29: note: passing argument to parameter here
VALUE rb_str_new(const char*, long);
                            ^
2 warnings generated.
compiling mini_ssl.c
In file included from mini_ssl.c:3:
/Users/yukiohnuki/.rbenv/versions/2.2.1/include/ruby-2.2.0/ruby/backward/rubyio.h:2:2: warning: use "ruby/io.h" instead of "rubyio.h" [-W#warnings]
#warning use "ruby/io.h" instead of "rubyio.h"
 ^
mini_ssl.c:4:10: fatal error: 'openssl/bio.h' file not found
#include <openssl/bio.h>
         ^
1 warning and 1 error generated.
make: *** [mini_ssl.o] Error 1

make failed, exit code 2
